0 0
1 0
2 1
4 3
7 4
10 4
12 5
13 6
15 8
16 9
16 10
15 12
13 14
11 15
10 17
9 18
8 20
7 23
5 27
4 31
2 34
1 38
-1 42
-3 45
-4 48
-6 50
-9 53
-12 55
-14 56
-15 56
-17 55
-18 54
-18 54
-18 55
-19 57
-20 60
-20 63
-20 66
-19 69
-18 71
-18 73
-19 76
-20 79
-22 81
-24 82
-25 84
-25 87
-26 91
-26 96
-27 101
-28 106
-28 112
-28 118
-28 123
-28 128
-29 133
-29 139
-28 146
-26 154
-25 163
-24 171
-22 178
-19 184
-17 189
-15 193
-13 197
-12 202
-11 207
-11 213
-11 218
-11 222
-11 225
-12 227
-14 229
-17 231
-20 234
-23 236
-25 238
-26 240
-28 242
-31 244
-35 246
-40 248
-45 249
-51 251
-56 253
-62 255
-67 258
-72 261
-76 265
-80 268
-83 272
-87 276
-90 281
-92 287
-94 294
-97 301
-101 309
-105 318
-110 326
-114 333
-117 339
-119 344
-121 350
-123 355
-125 359
-128 363
-132 366
-137 368
-141 369
-145 369
-149 368
-152 368
-155 368
-157 368
-160 369
-162 371
-165 374
-167 376
-168 378
-168 380
