0 0
-1 0
-3 -1
-4 -2
-5 -4
-6 -6
-6 -7
-7 -9
-8 -10
-10 -11
-11 -12
-12 -14
-12 -15
-13 -17
-15 -20
-16 -22
-17 -23
-17 -25
-17 -28
-16 -30
-15 -32
-13 -34
-11 -36
-8 -39
-5 -42
-1 -44
2 -46
5 -48
8 -50
12 -51
16 -52
19 -53
22 -54
26 -55
29 -56
31 -57
33 -59
35 -61
36 -64
37 -67
37 -69
38 -71
40 -73
41 -75
41 -76
40 -76
38 -75
35 -75
33 -76
31 -77
30 -79
29 -81
28 -83
27 -85
25 -86
23 -87
21 -88
19 -88
16 -88
14 -87
11 -86
8 -85
4 -83
1 -82
-1 -80
-4 -78
-8 -77
-11 -75
-15 -74
-20 -73
-25 -72
-29 -70
-33 -69
-36 -68
-40 -67
-45 -66
-50 -64
-54 -63
-58 -61
-61 -59
-64 -57
-66 -55
-69 -54
-73 -52
-76 -50
-78 -49
-79 -47
-81 -45
-82 -43
-83 -42
-84 -42
-86 -41
-89 -40
-91 -38
-94 -35
