0 0
0 -1
0 -3
-1 -5
-1 -7
-2 -10
-2 -13
-3 -17
-3 -21
-4 -25
-6 -29
-7 -34
-7 -38
-8 -43
-10 -49
-13 -54
-15 -60
-16 -67
-18 -73
-21 -78
-23 -82
-26 -86
-30 -89
-35 -92
-39 -96
-42 -99
-45 -102
-48 -106
-52 -109
-56 -112
-60 -116
-64 -119
-68 -122
-71 -124
-73 -127
-75 -130
-76 -134
-78 -138
-81 -141
-85 -143
-90 -144
-94 -144
-98 -145
-102 -145
-106 -146
-111 -148
-115 -151
-120 -155
-124 -159
-128 -162
-133 -165
-137 -167
-141 -168
-146 -168
-151 -167
-156 -166
-162 -166
-169 -167
-177 -168
-186 -168
-195 -168
-203 -169
-210 -169
-216 -169
-221 -169
-225 -169
-228 -169
-230 -169
-231 -169
-231 -169
-230 -169
-228 -169
-225 -169
-221 -169
-216 -169
-210 -169
-205 -169
-201 -169
-198 -169
-196 -169
-194 -169
-193 -169
-192 -169
-191 -169
-189 -169
-188 -169
-186 -168
-185 -167
-184 -167
-182 -167
-181 -167
-180 -168
-179 -168
-178 -169
-177 -170
-176 -170
-175 -171
-175 -172
-175 -173
-174 -174
-173 -174
-173 -173
-172 -172
-171 -172
-170 -172
-168 -172
-167 -172
-166 -173
-165 -173
-164 -172
-163 -171
-163 -170
-162 -169
-161 -168
-160 -168
-159 -167
-158 -167
-156 -166
-155 -166
-154 -166
-152 -167
-150 -168
-149 -168
-147 -168
-145 -168
-144 -168
-144 -169
-145 -171
-147 -173
-150 -174
-154 -175
-158 -175
-162 -175
-165 -175
-167 -175
-168 -175
-170 -176
-171 -177
-172 -177
-173 -176
-173 -175
-173 -174
-174 -174
-176 -175
-177 -177
-177 -178
-178 -179
-180 -179
-181 -179
-183 -179
-184 -179
-185 -179
-187 -178
-188 -178
-189 -177
-190 -177
-191 -176
-192 -176
-193 -175
-193 -175
-193 -176
-194 -176
-194 -175
-194 -174
-195 -174
-196 -174
-197 -174
-198 -173
-199 -172
-199 -171
-199 -170
-199 -169
-198 -168
-197 -168
